<?xml version="1.0" encoding="UTF-8"?>
<!-- Generated by org.testng.reporters.JUnitXMLReporter -->
<testsuite hostname="Miya" name="Default test" tests="3" failures="0" timestamp="17 Aug 2018 01:43:29 GMT" time="12.351" errors="0">
  <testcase name="jiraCreateIssue" time="7.983" classname="myGroup.RESTAPITest"/>
  <testcase name="JiraAddComment" time="0.733" classname="myGroup.RESTAPITest"/>
  <testcase name="JiraUpdateComment" time="3.55" classname="myGroup.RESTAPITest"/>
</testsuite> <!-- Default test -->
