<?xml version="1.0" encoding="UTF-8"?>
<!-- Generated by org.testng.reporters.JUnitXMLReporter -->
<testsuite hostname="Miya" name="Command line test" tests="5" failures="0" timestamp="16 Aug 2018 04:54:17 GMT" time="24.994" errors="0">
  <testcase name="IOSApps" time="0.001" classname="myGroup.AppiumTest"/>
  <testcase name="NaiveAppAndroid" time="0.001" classname="myGroup.AppiumTest"/>
  <testcase name="JiraAPI" time="24.96" classname="myGroup.RESTAPITest"/>
  <testcase name="BroswerAutomation" time="0.0" classname="myGroup.SeleniumTest"/>
  <testcase name="elementsUi" time="0.0" classname="myGroup.SeleniumTest"/>
</testsuite> <!-- Command line test -->
