<?xml version="1.0" encoding="UTF-8"?>
<testsuite xmlns:xsi="http://www.w3.org/2001/XMLSchema-instance" xsi:noNamespaceSchemaLocation="https://maven.apache.org/surefire/maven-surefire-plugin/xsd/surefire-test-report.xsd" name="TestSuite" time="15.839" tests="3" errors="0" skipped="0" failures="0">
  <properties>
[...]
</properties>
  <testcase name="jiraCreateIssue" classname="myGroup.RESTAPITest" time="12.271"/>
  <testcase name="JiraAddComment" classname="myGroup.RESTAPITest" time="0.828"/>
  <testcase name="JiraUpdateComment" classname="myGroup.RESTAPITest" time="0.582"/>
</testsuite>