<?xml version="1.0" encoding="UTF-8"?>
<testng-results skipped="0" failed="0" total="3" passed="3">
  <reporter-output>
  </reporter-output>
  <suite name="Suite" duration-ms="13717" started-at="2018-08-17T01:50:47Z" finished-at="2018-08-17T01:51:00Z">
    <groups>
    </groups>
    <test name="Test" duration-ms="13717" started-at="2018-08-17T01:50:47Z" finished-at="2018-08-17T01:51:00Z">
      <class name="myGroup.RESTAPITest">
        <test-method status="PASS" signature="getPro()[pri:0, instance:myGroup.RESTAPITest@3835c46]" name="getPro" is-config="true" duration-ms="17" started-at="2018-08-17T11:50:47Z" finished-at="2018-08-17T11:50:47Z">
          <reporter-output>
          </reporter-output>
        </test-method> <!-- getPro -->
        <test-method status="PASS" signature="jiraCreateIssue()[pri:0, instance:myGroup.RESTAPITest@3835c46]" name="jiraCreateIssue" duration-ms="12259" started-at="2018-08-17T11:50:47Z" finished-at="2018-08-17T11:50:59Z">
          <reporter-output>
          </reporter-output>
        </test-method> <!-- jiraCreateIssue -->
        <test-method status="PASS" signature="JiraAddComment()[pri:0, instance:myGroup.RESTAPITest@3835c46]" name="JiraAddComment" duration-ms="841" started-at="2018-08-17T11:50:59Z" finished-at="2018-08-17T11:51:00Z">
          <reporter-output>
          </reporter-output>
        </test-method> <!-- JiraAddComment -->
        <test-method status="PASS" signature="JiraUpdateComment()[pri:0, instance:myGroup.RESTAPITest@3835c46]" name="JiraUpdateComment" duration-ms="583" started-at="2018-08-17T11:51:00Z" finished-at="2018-08-17T11:51:00Z">
          <reporter-output>
          </reporter-output>
        </test-method> <!-- JiraUpdateComment -->
      </class> <!-- myGroup.RESTAPITest -->
    </test> <!-- Test -->
  </suite> <!-- Suite -->
</testng-results>
