<?xml version="1.0" encoding="UTF-8"?>
<testng-results skipped="0" failed="0" total="1" passed="1">
  <reporter-output>
  </reporter-output>
  <suite name="Suite" duration-ms="9760" started-at="2018-08-16T05:14:07Z" finished-at="2018-08-16T05:14:17Z">
    <groups>
    </groups>
    <test name="Test" duration-ms="9760" started-at="2018-08-16T05:14:07Z" finished-at="2018-08-16T05:14:17Z">
      <class name="myGroup.RESTAPITest">
        <test-method status="PASS" signature="getPro()[pri:0, instance:myGroup.RESTAPITest@6df97b55]" name="getPro" is-config="true" duration-ms="21" started-at="2018-08-16T15:14:07Z" finished-at="2018-08-16T15:14:07Z">
          <reporter-output>
          </reporter-output>
        </test-method> <!-- getPro -->
        <test-method status="PASS" signature="JiraAPI()[pri:0, instance:myGroup.RESTAPITest@6df97b55]" name="JiraAPI" duration-ms="9723" started-at="2018-08-16T15:14:07Z" finished-at="2018-08-16T15:14:17Z">
          <reporter-output>
          </reporter-output>
        </test-method> <!-- JiraAPI -->
      </class> <!-- myGroup.RESTAPITest -->
    </test> <!-- Test -->
  </suite> <!-- Suite -->
</testng-results>
