<?xml version="1.0" encoding="UTF-8"?>
<testng-results skipped="0" failed="0" total="3" passed="3">
  <reporter-output>
  </reporter-output>
  <suite name="Default suite" duration-ms="12351" started-at="2018-08-17T01:43:16Z" finished-at="2018-08-17T01:43:29Z">
    <groups>
    </groups>
    <test name="Default test" duration-ms="12351" started-at="2018-08-17T01:43:16Z" finished-at="2018-08-17T01:43:29Z">
      <class name="myGroup.RESTAPITest">
        <test-method status="PASS" signature="getPro()[pri:0, instance:myGroup.RESTAPITest@22555ebf]" name="getPro" is-config="true" duration-ms="52" started-at="2018-08-17T11:43:16Z" finished-at="2018-08-17T11:43:16Z">
          <reporter-output>
          </reporter-output>
        </test-method> <!-- getPro -->
        <test-method status="PASS" signature="jiraCreateIssue()[pri:0, instance:myGroup.RESTAPITest@22555ebf]" name="jiraCreateIssue" duration-ms="7983" started-at="2018-08-17T11:43:16Z" finished-at="2018-08-17T11:43:24Z">
          <reporter-output>
          </reporter-output>
        </test-method> <!-- jiraCreateIssue -->
        <test-method status="PASS" signature="JiraAddComment()[pri:0, instance:myGroup.RESTAPITest@22555ebf]" name="JiraAddComment" duration-ms="733" started-at="2018-08-17T11:43:24Z" finished-at="2018-08-17T11:43:25Z">
          <reporter-output>
          </reporter-output>
        </test-method> <!-- JiraAddComment -->
        <test-method status="PASS" signature="JiraUpdateComment()[pri:0, instance:myGroup.RESTAPITest@22555ebf]" name="JiraUpdateComment" duration-ms="3550" started-at="2018-08-17T11:43:25Z" finished-at="2018-08-17T11:43:29Z">
          <reporter-output>
          </reporter-output>
        </test-method> <!-- JiraUpdateComment -->
      </class> <!-- myGroup.RESTAPITest -->
    </test> <!-- Default test -->
  </suite> <!-- Default suite -->
</testng-results>
